c:\users\murder\documents\visual studio 2015\projects\dipol pattern\dipol pattern\release\vc140.pdb
c:\users\murder\documents\visual studio 2015\projects\dipol pattern\dipol pattern\release\gl.obj
c:\users\murder\documents\visual studio 2015\projects\dipol pattern\dipol pattern\release\dipole_radiation_pattern.obj
c:\users\murder\documents\visual studio 2015\projects\dipol pattern\dipol pattern\release\dipole_face.obj
c:\users\murder\documents\visual studio 2015\projects\dipol pattern\dipol pattern\release\.netframework,version=v4.0.assemblyattributes.obj
c:\users\murder\documents\visual studio 2015\projects\dipol pattern\dipol pattern\release\.netframework,version=v4.0.assemblyattributes.asm
c:\users\murder\documents\visual studio 2015\projects\dipol pattern\dipol pattern\release\dipolpattern.dipole_face.resources
c:\users\murder\documents\visual studio 2015\projects\dipol pattern\release\dipole pattern.exe
c:\users\murder\documents\visual studio 2015\projects\dipol pattern\release\dipole pattern.pdb
c:\users\murder\documents\visual studio 2015\projects\dipol pattern\dipol pattern\release\dipol pattern.vcxproj.generateresource.cache
c:\users\murder\documents\visual studio 2015\projects\dipol pattern\dipol pattern\release\dipol pattern.vcxprojresolveassemblyreference.cache
c:\users\murder\documents\visual studio 2015\projects\dipol pattern\dipol pattern\release\dipole pattern.tlog\cl.command.1.tlog
c:\users\murder\documents\visual studio 2015\projects\dipol pattern\dipol pattern\release\dipole pattern.tlog\cl.read.1.tlog
c:\users\murder\documents\visual studio 2015\projects\dipol pattern\dipol pattern\release\dipole pattern.tlog\cl.write.1.tlog
c:\users\murder\documents\visual studio 2015\projects\dipol pattern\dipol pattern\release\dipole pattern.tlog\dipole pattern.write.1u.tlog
c:\users\murder\documents\visual studio 2015\projects\dipol pattern\dipol pattern\release\dipole pattern.tlog\link.command.1.tlog
c:\users\murder\documents\visual studio 2015\projects\dipol pattern\dipol pattern\release\dipole pattern.tlog\link.read.1.tlog
c:\users\murder\documents\visual studio 2015\projects\dipol pattern\dipol pattern\release\dipole pattern.tlog\link.write.1.tlog
c:\users\murder\documents\visual studio 2015\projects\dipol pattern\dipol pattern\release\dipole pattern.tlog\metagen.read.1.tlog
c:\users\murder\documents\visual studio 2015\projects\dipol pattern\dipol pattern\release\dipole pattern.tlog\metagen.write.1.tlog
c:\users\murder\documents\visual studio 2015\projects\dipol pattern\dipol pattern\release\dipole pattern.tlog\tzres.dll.bi
