c:\users\murder\documents\visual studio 2015\projects\dipol pattern\dipol pattern\debug\vc140.pdb
c:\users\murder\documents\visual studio 2015\projects\dipol pattern\dipol pattern\debug\.netframework,version=v4.5.2.assemblyattributes.obj
c:\users\murder\documents\visual studio 2015\projects\dipol pattern\dipol pattern\debug\.netframework,version=v4.5.2.assemblyattributes.asm
c:\users\murder\documents\visual studio 2015\projects\dipol pattern\dipol pattern\debug\gl.obj
c:\users\murder\documents\visual studio 2015\projects\dipol pattern\dipol pattern\debug\dipole_radiation_pattern.obj
c:\users\murder\documents\visual studio 2015\projects\dipol pattern\dipol pattern\debug\dipole_face.obj
c:\users\murder\documents\visual studio 2015\projects\dipol pattern\dipol pattern\debug\dipolpattern.dipole_face.resources
c:\users\murder\documents\visual studio 2015\projects\dipol pattern\debug\dipole pattern.exe
c:\users\murder\documents\visual studio 2015\projects\dipol pattern\debug\dipole pattern.pdb
c:\users\murder\documents\visual studio 2015\projects\dipol pattern\dipol pattern\debug\dipol pattern.vcxproj.generateresource.cache
c:\users\murder\documents\visual studio 2015\projects\dipol pattern\dipol pattern\debug\dipol pattern.vcxprojresolveassemblyreference.cache
c:\users\murder\documents\visual studio 2015\projects\dipol pattern\dipol pattern\debug\dipole pattern.tlog\cl.command.1.tlog
c:\users\murder\documents\visual studio 2015\projects\dipol pattern\dipol pattern\debug\dipole pattern.tlog\cl.read.1.tlog
c:\users\murder\documents\visual studio 2015\projects\dipol pattern\dipol pattern\debug\dipole pattern.tlog\cl.write.1.tlog
c:\users\murder\documents\visual studio 2015\projects\dipol pattern\dipol pattern\debug\dipole pattern.tlog\dipole pattern.write.1u.tlog
c:\users\murder\documents\visual studio 2015\projects\dipol pattern\dipol pattern\debug\dipole pattern.tlog\link.command.1.tlog
c:\users\murder\documents\visual studio 2015\projects\dipol pattern\dipol pattern\debug\dipole pattern.tlog\link.read.1.tlog
c:\users\murder\documents\visual studio 2015\projects\dipol pattern\dipol pattern\debug\dipole pattern.tlog\link.write.1.tlog
c:\users\murder\documents\visual studio 2015\projects\dipol pattern\dipol pattern\debug\dipole pattern.tlog\metagen.read.1.tlog
c:\users\murder\documents\visual studio 2015\projects\dipol pattern\dipol pattern\debug\dipole pattern.tlog\metagen.write.1.tlog
c:\users\murder\documents\visual studio 2015\projects\dipol pattern\dipol pattern\debug\dipole pattern.tlog\tzres.dll.bi
